<?xml version="1.0" encoding="UTF-8"?>
<testng-results ignored="0" total="0" passed="0" failed="0" skipped="0">
  <reporter-output>
  </reporter-output>
  <suite started-at="2025-01-10T12:38:26 IST" name="Suite" finished-at="2025-01-10T12:38:28 IST" duration-ms="1944">
    <groups>
    </groups>
    <test started-at="2025-01-10T12:38:26 IST" name=" Extent report Test" finished-at="2025-01-10T12:38:28 IST" duration-ms="1944">
      <class name="extentReportTest.TestCase1">
        <test-method is-config="true" signature="setReport()[pri:0, instance:extentReportTest.TestCase1@1ff4931d]" started-at="2025-01-10T12:38:26 IST" name="setReport" finished-at="2025-01-10T12:38:27 IST" duration-ms="1141" status="PASS">
          <reporter-output>
          </reporter-output>
        </test-method> <!-- setReport -->
        <test-method is-config="true" signature="endReport()[pri:0, instance:extentReportTest.TestCase1@1ff4931d]" started-at="2025-01-10T12:38:27 IST" name="endReport" finished-at="2025-01-10T12:38:28 IST" duration-ms="763" status="PASS">
          <reporter-output>
          </reporter-output>
        </test-method> <!-- endReport -->
      </class> <!-- extentReportTest.TestCase1 -->
    </test> <!--  Extent report Test -->
  </suite> <!-- Suite -->
</testng-results>
